0 info it worked if it ends with ok
1 verbose cli [ '/usr/bin/nodejs', '/usr/bin/npm', 'install', 'node' ]
2 info using npm@3.5.2
3 info using node@v4.2.6
4 silly loadCurrentTree Starting
5 silly install loadCurrentTree
6 silly install readLocalPackageData
7 silly fetchPackageMetaData node
8 silly fetchNamedPackageData node
9 silly mapToRegistry name node
10 silly mapToRegistry using default registry
11 silly mapToRegistry registry https://registry.npmjs.org/
12 silly mapToRegistry uri https://registry.npmjs.org/node
13 verbose request uri https://registry.npmjs.org/node
14 verbose request no auth needed
15 info attempt registry request try #1 at 12:59:48 AM
16 verbose request id 6fb980c377c97bb9
17 verbose etag W/"8d5a775fcfa216a7561de392540e6763"
18 verbose lastModified Mon, 24 Sep 2018 01:57:11 GMT
19 http request GET https://registry.npmjs.org/node
20 http 304 https://registry.npmjs.org/node
21 verbose headers { date: 'Thu, 11 Oct 2018 22:59:48 GMT',
21 verbose headers   connection: 'keep-alive',
21 verbose headers   'set-cookie': [ '__cfduid=d088fe82892ca3914d90a46c981801a6c1539298788; expires=Fri, 11-Oct-19 22:59:48 GMT; path=/; domain=.registry.npmjs.org; HttpOnly' ],
21 verbose headers   'cf-cache-status': 'HIT',
21 verbose headers   'cache-control': 'max-age=300',
21 verbose headers   'cf-ray': '4684f074f8ce3bed-CDG',
21 verbose headers   etag: '"8d5a775fcfa216a7561de392540e6763"',
21 verbose headers   'expect-ct': 'max-age=604800, report-uri="https://report-uri.cloudflare.com/cdn-cgi/beacon/expect-ct"',
21 verbose headers   'last-modified': 'Mon, 24 Sep 2018 01:57:11 GMT',
21 verbose headers   vary: 'accept-encoding, accept',
21 verbose headers   'x-amz-meta-rev': '432-e9caf38f1c2fb0a80d1dfb9cbbfd7637',
21 verbose headers   server: 'cloudflare' }
22 silly get cb [ 304,
22 silly get   { date: 'Thu, 11 Oct 2018 22:59:48 GMT',
22 silly get     connection: 'keep-alive',
22 silly get     'set-cookie': [ '__cfduid=d088fe82892ca3914d90a46c981801a6c1539298788; expires=Fri, 11-Oct-19 22:59:48 GMT; path=/; domain=.registry.npmjs.org; HttpOnly' ],
22 silly get     'cf-cache-status': 'HIT',
22 silly get     'cache-control': 'max-age=300',
22 silly get     'cf-ray': '4684f074f8ce3bed-CDG',
22 silly get     etag: '"8d5a775fcfa216a7561de392540e6763"',
22 silly get     'expect-ct': 'max-age=604800, report-uri="https://report-uri.cloudflare.com/cdn-cgi/beacon/expect-ct"',
22 silly get     'last-modified': 'Mon, 24 Sep 2018 01:57:11 GMT',
22 silly get     vary: 'accept-encoding, accept',
22 silly get     'x-amz-meta-rev': '432-e9caf38f1c2fb0a80d1dfb9cbbfd7637',
22 silly get     server: 'cloudflare' } ]
23 verbose etag https://registry.npmjs.org/node from cache
24 verbose get saving node to /home/nigson/.npm/registry.npmjs.org/node/.cache.json
25 silly install normalizeTree
26 silly loadCurrentTree Finishing
27 silly loadIdealTree Starting
28 silly install loadIdealTree
29 silly cloneCurrentTree Starting
30 silly install cloneCurrentTreeToIdealTree
31 silly cloneCurrentTree Finishing
32 silly loadShrinkwrap Starting
33 silly install loadShrinkwrap
34 silly loadShrinkwrap Finishing
35 silly loadAllDepsIntoIdealTree Starting
36 silly install loadAllDepsIntoIdealTree
37 silly resolveWithNewModule node@10.11.0 checking installable status
38 silly cache add args [ 'node', null ]
39 verbose cache add spec node
40 silly cache add parsed spec Result {
40 silly cache add   raw: 'node',
40 silly cache add   scope: null,
40 silly cache add   name: 'node',
40 silly cache add   rawSpec: '',
40 silly cache add   spec: 'latest',
40 silly cache add   type: 'tag' }
41 silly addNamed node@latest
42 verbose addNamed "latest" is being treated as a dist-tag for node
43 info addNameTag [ 'node', 'latest' ]
44 silly mapToRegistry name node
45 silly mapToRegistry using default registry
46 silly mapToRegistry registry https://registry.npmjs.org/
47 silly mapToRegistry uri https://registry.npmjs.org/node
48 verbose addNameTag registry:https://registry.npmjs.org/node not in flight; fetching
49 verbose get https://registry.npmjs.org/node not expired, no request
50 silly addNameTag next cb for node with tag latest
51 silly addNamed node@10.11.0
52 verbose addNamed "10.11.0" is a plain semver version for node
53 silly cache afterAdd node@10.11.0
54 verbose afterAdd /home/nigson/.npm/node/10.11.0/package/package.json not in flight; writing
55 verbose afterAdd /home/nigson/.npm/node/10.11.0/package/package.json written
56 silly fetchNamedPackageData node-bin-setup
57 silly mapToRegistry name node-bin-setup
58 silly mapToRegistry using default registry
59 silly mapToRegistry registry https://registry.npmjs.org/
60 silly mapToRegistry uri https://registry.npmjs.org/node-bin-setup
61 verbose request uri https://registry.npmjs.org/node-bin-setup
62 verbose request no auth needed
63 info attempt registry request try #1 at 12:59:48 AM
64 verbose etag W/"696d6ec470fda56a33885508a280edab"
65 verbose lastModified Sun, 27 May 2018 09:55:03 GMT
66 http request GET https://registry.npmjs.org/node-bin-setup
67 http 304 https://registry.npmjs.org/node-bin-setup
68 verbose headers { date: 'Thu, 11 Oct 2018 22:59:49 GMT',
68 verbose headers   connection: 'keep-alive',
68 verbose headers   'set-cookie': [ '__cfduid=d86ed91ddd85450cf0f09e8eff604b1341539298789; expires=Fri, 11-Oct-19 22:59:49 GMT; path=/; domain=.registry.npmjs.org; HttpOnly' ],
68 verbose headers   'cf-cache-status': 'HIT',
68 verbose headers   'cache-control': 'max-age=300',
68 verbose headers   'cf-ray': '4684f0774c646956-CDG',
68 verbose headers   etag: '"696d6ec470fda56a33885508a280edab"',
68 verbose headers   'expect-ct': 'max-age=604800, report-uri="https://report-uri.cloudflare.com/cdn-cgi/beacon/expect-ct"',
68 verbose headers   'last-modified': 'Sun, 27 May 2018 09:55:03 GMT',
68 verbose headers   vary: 'accept-encoding, accept',
68 verbose headers   server: 'cloudflare' }
69 silly get cb [ 304,
69 silly get   { date: 'Thu, 11 Oct 2018 22:59:49 GMT',
69 silly get     connection: 'keep-alive',
69 silly get     'set-cookie': [ '__cfduid=d86ed91ddd85450cf0f09e8eff604b1341539298789; expires=Fri, 11-Oct-19 22:59:49 GMT; path=/; domain=.registry.npmjs.org; HttpOnly' ],
69 silly get     'cf-cache-status': 'HIT',
69 silly get     'cache-control': 'max-age=300',
69 silly get     'cf-ray': '4684f0774c646956-CDG',
69 silly get     etag: '"696d6ec470fda56a33885508a280edab"',
69 silly get     'expect-ct': 'max-age=604800, report-uri="https://report-uri.cloudflare.com/cdn-cgi/beacon/expect-ct"',
69 silly get     'last-modified': 'Sun, 27 May 2018 09:55:03 GMT',
69 silly get     vary: 'accept-encoding, accept',
69 silly get     server: 'cloudflare' } ]
70 verbose etag https://registry.npmjs.org/node-bin-setup from cache
71 verbose get saving node-bin-setup to /home/nigson/.npm/registry.npmjs.org/node-bin-setup/.cache.json
72 silly resolveWithNewModule node-bin-setup@1.0.6 checking installable status
73 silly cache add args [ 'node-bin-setup@^1.0.0', null ]
74 verbose cache add spec node-bin-setup@^1.0.0
75 silly cache add parsed spec Result {
75 silly cache add   raw: 'node-bin-setup@^1.0.0',
75 silly cache add   scope: null,
75 silly cache add   name: 'node-bin-setup',
75 silly cache add   rawSpec: '^1.0.0',
75 silly cache add   spec: '>=1.0.0 <2.0.0',
75 silly cache add   type: 'range' }
76 silly addNamed node-bin-setup@>=1.0.0 <2.0.0
77 verbose addNamed ">=1.0.0 <2.0.0" is a valid semver range for node-bin-setup
78 silly addNameRange { name: 'node-bin-setup',
78 silly addNameRange   range: '>=1.0.0 <2.0.0',
78 silly addNameRange   hasData: false }
79 silly mapToRegistry name node-bin-setup
80 silly mapToRegistry using default registry
81 silly mapToRegistry registry https://registry.npmjs.org/
82 silly mapToRegistry uri https://registry.npmjs.org/node-bin-setup
83 verbose addNameRange registry:https://registry.npmjs.org/node-bin-setup not in flight; fetching
84 verbose get https://registry.npmjs.org/node-bin-setup not expired, no request
85 silly addNameRange number 2 { name: 'node-bin-setup',
85 silly addNameRange   range: '>=1.0.0 <2.0.0',
85 silly addNameRange   hasData: true }
86 silly addNameRange versions [ 'node-bin-setup',
86 silly addNameRange   [ '1.0.0', '1.0.1', '1.0.2', '1.0.3', '1.0.4', '1.0.6' ] ]
87 silly addNamed node-bin-setup@1.0.6
88 verbose addNamed "1.0.6" is a plain semver version for node-bin-setup
89 silly cache afterAdd node-bin-setup@1.0.6
90 verbose afterAdd /home/nigson/.npm/node-bin-setup/1.0.6/package/package.json not in flight; writing
91 verbose afterAdd /home/nigson/.npm/node-bin-setup/1.0.6/package/package.json written
92 silly fetchNamedPackageData fsevents
93 silly mapToRegistry name fsevents
94 silly mapToRegistry using default registry
95 silly mapToRegistry registry https://registry.npmjs.org/
96 silly mapToRegistry uri https://registry.npmjs.org/fsevents
97 verbose request uri https://registry.npmjs.org/fsevents
98 verbose request no auth needed
99 info attempt registry request try #1 at 12:59:49 AM
100 verbose etag W/"1f6c1f25b9f645ad374c652ec54b1ad9"
101 verbose lastModified Sun, 27 May 2018 01:18:06 GMT
102 http request GET https://registry.npmjs.org/fsevents
103 http 304 https://registry.npmjs.org/fsevents
104 verbose headers { date: 'Thu, 11 Oct 2018 22:59:49 GMT',
104 verbose headers   connection: 'keep-alive',
104 verbose headers   'set-cookie': [ '__cfduid=d330e4fda090ad2554d03e58894256dfd1539298789; expires=Fri, 11-Oct-19 22:59:49 GMT; path=/; domain=.registry.npmjs.org; HttpOnly' ],
104 verbose headers   'cf-cache-status': 'HIT',
104 verbose headers   'cache-control': 'max-age=300',
104 verbose headers   'cf-ray': '4684f079399c3be7-CDG',
104 verbose headers   etag: '"1f6c1f25b9f645ad374c652ec54b1ad9"',
104 verbose headers   'expect-ct': 'max-age=604800, report-uri="https://report-uri.cloudflare.com/cdn-cgi/beacon/expect-ct"',
104 verbose headers   'last-modified': 'Sun, 27 May 2018 01:18:06 GMT',
104 verbose headers   vary: 'accept-encoding, accept',
104 verbose headers   server: 'cloudflare' }
105 silly get cb [ 304,
105 silly get   { date: 'Thu, 11 Oct 2018 22:59:49 GMT',
105 silly get     connection: 'keep-alive',
105 silly get     'set-cookie': [ '__cfduid=d330e4fda090ad2554d03e58894256dfd1539298789; expires=Fri, 11-Oct-19 22:59:49 GMT; path=/; domain=.registry.npmjs.org; HttpOnly' ],
105 silly get     'cf-cache-status': 'HIT',
105 silly get     'cache-control': 'max-age=300',
105 silly get     'cf-ray': '4684f079399c3be7-CDG',
105 silly get     etag: '"1f6c1f25b9f645ad374c652ec54b1ad9"',
105 silly get     'expect-ct': 'max-age=604800, report-uri="https://report-uri.cloudflare.com/cdn-cgi/beacon/expect-ct"',
105 silly get     'last-modified': 'Sun, 27 May 2018 01:18:06 GMT',
105 silly get     vary: 'accept-encoding, accept',
105 silly get     server: 'cloudflare' } ]
106 verbose etag https://registry.npmjs.org/fsevents from cache
107 verbose get saving fsevents to /home/nigson/.npm/registry.npmjs.org/fsevents/.cache.json
108 silly resolveWithNewModule fsevents@1.2.4 checking installable status
109 silly loadAllDepsIntoIdealTree Finishing
110 silly idealTree:prePrune hapi-boston@1.0.0
110 silly idealTree:prePrune ├── abbrev@1.1.1
110 silly idealTree:prePrune ├── accept@3.0.2
110 silly idealTree:prePrune ├── ajv@5.5.2
110 silly idealTree:prePrune ├── ammo@3.0.1
110 silly idealTree:prePrune ├── ansi-align@2.0.0
110 silly idealTree:prePrune ├── ansi-regex@3.0.0
110 silly idealTree:prePrune ├── ansi-styles@3.2.1
110 silly idealTree:prePrune ├── anymatch@2.0.0
110 silly idealTree:prePrune ├── arr-diff@4.0.0
110 silly idealTree:prePrune ├── arr-flatten@1.1.0
110 silly idealTree:prePrune ├── arr-union@3.1.0
110 silly idealTree:prePrune ├── array-unique@0.3.2
110 silly idealTree:prePrune ├── asn1@0.2.4
110 silly idealTree:prePrune ├── assert-plus@1.0.0
110 silly idealTree:prePrune ├── assign-symbols@1.0.0
110 silly idealTree:prePrune ├── async-each@1.0.1
110 silly idealTree:prePrune ├── asynckit@0.4.0
110 silly idealTree:prePrune ├── atob@2.1.2
110 silly idealTree:prePrune ├── aws-sign2@0.7.0
110 silly idealTree:prePrune ├── aws4@1.8.0
110 silly idealTree:prePrune ├── b64@4.0.0
110 silly idealTree:prePrune ├── balanced-match@1.0.0
110 silly idealTree:prePrune ├─┬ base@0.11.2
110 silly idealTree:prePrune │ ├── define-property@1.0.0
110 silly idealTree:prePrune │ ├── is-accessor-descriptor@1.0.0
110 silly idealTree:prePrune │ ├── is-data-descriptor@1.0.0
110 silly idealTree:prePrune │ └── is-descriptor@1.0.2
110 silly idealTree:prePrune ├── bcrypt-pbkdf@1.0.2
110 silly idealTree:prePrune ├── big-time@2.0.1
110 silly idealTree:prePrune ├── binary-extensions@1.12.0
110 silly idealTree:prePrune ├── boom@7.2.0
110 silly idealTree:prePrune ├── bounce@1.2.0
110 silly idealTree:prePrune ├── boxen@1.3.0
110 silly idealTree:prePrune ├── brace-expansion@1.1.11
110 silly idealTree:prePrune ├─┬ braces@2.3.2
110 silly idealTree:prePrune │ └── extend-shallow@2.0.1
110 silly idealTree:prePrune ├── cache-base@1.0.1
110 silly idealTree:prePrune ├── call@5.0.1
110 silly idealTree:prePrune ├── camelcase@4.1.0
110 silly idealTree:prePrune ├── capture-stack-trace@1.0.1
110 silly idealTree:prePrune ├── caseless@0.12.0
110 silly idealTree:prePrune ├── catbox-memory@3.1.2
110 silly idealTree:prePrune ├── catbox@10.0.3
110 silly idealTree:prePrune ├── chalk@2.4.1
110 silly idealTree:prePrune ├── chokidar@2.0.4
110 silly idealTree:prePrune ├── ci-info@1.6.0
110 silly idealTree:prePrune ├─┬ class-utils@0.3.6
110 silly idealTree:prePrune │ └── define-property@0.2.5
110 silly idealTree:prePrune ├── cli-boxes@1.0.0
110 silly idealTree:prePrune ├── co@4.6.0
110 silly idealTree:prePrune ├── collection-visit@1.0.0
110 silly idealTree:prePrune ├── color-convert@1.9.3
110 silly idealTree:prePrune ├── color-name@1.1.3
110 silly idealTree:prePrune ├── combined-stream@1.0.7
110 silly idealTree:prePrune ├── component-emitter@1.2.1
110 silly idealTree:prePrune ├── concat-map@0.0.1
110 silly idealTree:prePrune ├── config@2.0.1
110 silly idealTree:prePrune ├── configstore@3.1.2
110 silly idealTree:prePrune ├── content@4.0.5
110 silly idealTree:prePrune ├── copy-descriptor@0.1.1
110 silly idealTree:prePrune ├── core-util-is@1.0.2
110 silly idealTree:prePrune ├── create-error-class@3.0.2
110 silly idealTree:prePrune ├── cross-spawn@5.1.0
110 silly idealTree:prePrune ├── cryptiles@4.1.2
110 silly idealTree:prePrune ├── crypto-random-string@1.0.0
110 silly idealTree:prePrune ├── dashdash@1.14.1
110 silly idealTree:prePrune ├─┬ debug@3.2.6
110 silly idealTree:prePrune │ └── ms@2.1.1
110 silly idealTree:prePrune ├── decode-uri-component@0.2.0
110 silly idealTree:prePrune ├── deep-extend@0.6.0
110 silly idealTree:prePrune ├─┬ define-property@2.0.2
110 silly idealTree:prePrune │ ├── is-accessor-descriptor@1.0.0
110 silly idealTree:prePrune │ ├── is-data-descriptor@1.0.0
110 silly idealTree:prePrune │ └── is-descriptor@1.0.2
110 silly idealTree:prePrune ├── delayed-stream@1.0.0
110 silly idealTree:prePrune ├── dot-prop@4.2.0
110 silly idealTree:prePrune ├── duplexer@0.1.1
110 silly idealTree:prePrune ├── duplexer3@0.1.4
110 silly idealTree:prePrune ├── duplexify@3.6.0
110 silly idealTree:prePrune ├── ecc-jsbn@0.1.2
110 silly idealTree:prePrune ├── end-of-stream@1.4.1
110 silly idealTree:prePrune ├── escape-string-regexp@1.0.5
110 silly idealTree:prePrune ├── event-stream@3.3.6
110 silly idealTree:prePrune ├── execa@0.7.0
110 silly idealTree:prePrune ├─┬ expand-brackets@2.1.4
110 silly idealTree:prePrune │ ├── debug@2.6.9
110 silly idealTree:prePrune │ ├── define-property@0.2.5
110 silly idealTree:prePrune │ └── extend-shallow@2.0.1
110 silly idealTree:prePrune ├─┬ extend-shallow@3.0.2
110 silly idealTree:prePrune │ └── is-extendable@1.0.1
110 silly idealTree:prePrune ├── extend@3.0.2
110 silly idealTree:prePrune ├─┬ extglob@2.0.4
110 silly idealTree:prePrune │ ├── define-property@1.0.0
110 silly idealTree:prePrune │ ├── extend-shallow@2.0.1
110 silly idealTree:prePrune │ ├── is-accessor-descriptor@1.0.0
110 silly idealTree:prePrune │ ├── is-data-descriptor@1.0.0
110 silly idealTree:prePrune │ └── is-descriptor@1.0.2
110 silly idealTree:prePrune ├── extsprintf@1.3.0
110 silly idealTree:prePrune ├── fast-deep-equal@1.1.0
110 silly idealTree:prePrune ├── fast-json-stable-stringify@2.0.0
110 silly idealTree:prePrune ├── fast-safe-stringify@2.0.6
110 silly idealTree:prePrune ├─┬ fill-range@4.0.0
110 silly idealTree:prePrune │ └── extend-shallow@2.0.1
110 silly idealTree:prePrune ├── flatmap-stream@0.1.1
110 silly idealTree:prePrune ├── for-in@1.0.2
110 silly idealTree:prePrune ├── forever-agent@0.6.1
110 silly idealTree:prePrune ├─┬ form-data@2.3.2
110 silly idealTree:prePrune │ └── combined-stream@1.0.6
110 silly idealTree:prePrune ├── fragment-cache@0.2.1
110 silly idealTree:prePrune ├── from@0.1.7
110 silly idealTree:prePrune ├── get-stream@3.0.0
110 silly idealTree:prePrune ├── get-value@2.0.6
110 silly idealTree:prePrune ├── getpass@0.1.7
110 silly idealTree:prePrune ├─┬ glob-parent@3.1.0
110 silly idealTree:prePrune │ └── is-glob@3.1.0
110 silly idealTree:prePrune ├── global-dirs@0.1.1
110 silly idealTree:prePrune ├─┬ good-console@7.1.0
110 silly idealTree:prePrune │ ├── hoek@4.2.1
110 silly idealTree:prePrune │ ├── joi@12.0.0
110 silly idealTree:prePrune │ └── topo@2.0.2
110 silly idealTree:prePrune ├─┬ good-squeeze@5.1.0
110 silly idealTree:prePrune │ └── hoek@4.2.1
110 silly idealTree:prePrune ├── good@8.1.1
110 silly idealTree:prePrune ├── got@6.7.1
110 silly idealTree:prePrune ├── graceful-fs@4.1.11
110 silly idealTree:prePrune ├── hapi@17.6.0
110 silly idealTree:prePrune ├── har-schema@2.0.0
110 silly idealTree:prePrune ├── har-validator@5.1.0
110 silly idealTree:prePrune ├── has-flag@3.0.0
110 silly idealTree:prePrune ├── has-value@1.0.0
110 silly idealTree:prePrune ├─┬ has-values@1.0.0
110 silly idealTree:prePrune │ └── kind-of@4.0.0
110 silly idealTree:prePrune ├── heavy@6.1.0
110 silly idealTree:prePrune ├── hoek@5.0.4
110 silly idealTree:prePrune ├── http-signature@1.2.0
110 silly idealTree:prePrune ├── ignore-by-default@1.0.1
110 silly idealTree:prePrune ├── import-lazy@2.1.0
110 silly idealTree:prePrune ├── imurmurhash@0.1.4
110 silly idealTree:prePrune ├── inherits@2.0.3
110 silly idealTree:prePrune ├── ini@1.3.5
110 silly idealTree:prePrune ├── iron@5.0.4
110 silly idealTree:prePrune ├─┬ is-accessor-descriptor@0.1.6
110 silly idealTree:prePrune │ └── kind-of@3.2.2
110 silly idealTree:prePrune ├── is-binary-path@1.0.1
110 silly idealTree:prePrune ├── is-buffer@1.1.6
110 silly idealTree:prePrune ├── is-ci@1.2.1
110 silly idealTree:prePrune ├─┬ is-data-descriptor@0.1.4
110 silly idealTree:prePrune │ └── kind-of@3.2.2
110 silly idealTree:prePrune ├─┬ is-descriptor@0.1.6
110 silly idealTree:prePrune │ └── kind-of@5.1.0
110 silly idealTree:prePrune ├── is-extendable@0.1.1
110 silly idealTree:prePrune ├── is-extglob@2.1.1
110 silly idealTree:prePrune ├── is-fullwidth-code-point@2.0.0
110 silly idealTree:prePrune ├── is-glob@4.0.0
110 silly idealTree:prePrune ├── is-installed-globally@0.1.0
110 silly idealTree:prePrune ├── is-npm@1.0.0
110 silly idealTree:prePrune ├─┬ is-number@3.0.0
110 silly idealTree:prePrune │ └── kind-of@3.2.2
110 silly idealTree:prePrune ├── is-obj@1.0.1
110 silly idealTree:prePrune ├── is-path-inside@1.0.1
110 silly idealTree:prePrune ├── is-plain-object@2.0.4
110 silly idealTree:prePrune ├── is-redirect@1.0.0
110 silly idealTree:prePrune ├── is-retry-allowed@1.1.0
110 silly idealTree:prePrune ├── is-stream@1.1.0
110 silly idealTree:prePrune ├── is-typedarray@1.0.0
110 silly idealTree:prePrune ├── is-windows@1.0.2
110 silly idealTree:prePrune ├── isarray@1.0.0
110 silly idealTree:prePrune ├── isemail@3.1.3
110 silly idealTree:prePrune ├── isexe@2.0.0
110 silly idealTree:prePrune ├── isobject@3.0.1
110 silly idealTree:prePrune ├── isstream@0.1.2
110 silly idealTree:prePrune ├── joi@13.7.0
110 silly idealTree:prePrune ├── jsbn@0.1.1
110 silly idealTree:prePrune ├── json-schema-traverse@0.3.1
110 silly idealTree:prePrune ├── json-schema@0.2.3
110 silly idealTree:prePrune ├── json-stringify-safe@5.0.1
110 silly idealTree:prePrune ├── json5@1.0.1
110 silly idealTree:prePrune ├── jsprim@1.4.1
110 silly idealTree:prePrune ├── kind-of@6.0.2
110 silly idealTree:prePrune ├── latest-version@3.1.0
110 silly idealTree:prePrune ├── lodash.debounce@4.0.8
110 silly idealTree:prePrune ├── lowercase-keys@1.0.1
110 silly idealTree:prePrune ├── lru-cache@4.1.3
110 silly idealTree:prePrune ├── make-dir@1.3.0
110 silly idealTree:prePrune ├── map-cache@0.2.2
110 silly idealTree:prePrune ├── map-stream@0.0.7
110 silly idealTree:prePrune ├── map-visit@1.0.0
110 silly idealTree:prePrune ├── micromatch@3.1.10
110 silly idealTree:prePrune ├── mime-db@1.36.0
110 silly idealTree:prePrune ├── mime-types@2.1.20
110 silly idealTree:prePrune ├── mimos@4.0.0
110 silly idealTree:prePrune ├── minimatch@3.0.4
110 silly idealTree:prePrune ├── minimist@1.2.0
110 silly idealTree:prePrune ├─┬ mixin-deep@1.3.1
110 silly idealTree:prePrune │ └── is-extendable@1.0.1
110 silly idealTree:prePrune ├── moment@2.20.1
110 silly idealTree:prePrune ├── ms@2.0.0
110 silly idealTree:prePrune ├── nanomatch@1.2.13
110 silly idealTree:prePrune ├── nigel@3.0.1
110 silly idealTree:prePrune ├── node-bin-setup@1.0.6
110 silly idealTree:prePrune ├── node@10.11.0
110 silly idealTree:prePrune ├── nodemon@1.18.4
110 silly idealTree:prePrune ├── nopt@1.0.10
110 silly idealTree:prePrune ├── normalize-path@2.1.1
110 silly idealTree:prePrune ├── npm-run-path@2.0.2
110 silly idealTree:prePrune ├── oauth-sign@0.9.0
110 silly idealTree:prePrune ├─┬ object-copy@0.1.0
110 silly idealTree:prePrune │ ├── define-property@0.2.5
110 silly idealTree:prePrune │ └── kind-of@3.2.2
110 silly idealTree:prePrune ├── object-visit@1.0.1
110 silly idealTree:prePrune ├── object.pick@1.3.0
110 silly idealTree:prePrune ├── once@1.4.0
110 silly idealTree:prePrune ├── oppsy@2.0.0
110 silly idealTree:prePrune ├── p-finally@1.0.0
110 silly idealTree:prePrune ├── package-json@4.0.1
110 silly idealTree:prePrune ├── pascalcase@0.1.1
110 silly idealTree:prePrune ├── path-dirname@1.0.2
110 silly idealTree:prePrune ├── path-is-absolute@1.0.1
110 silly idealTree:prePrune ├── path-is-inside@1.0.2
110 silly idealTree:prePrune ├── path-key@2.0.1
110 silly idealTree:prePrune ├── pause-stream@0.0.11
110 silly idealTree:prePrune ├── performance-now@2.1.0
110 silly idealTree:prePrune ├── pez@4.0.2
110 silly idealTree:prePrune ├── pify@3.0.0
110 silly idealTree:prePrune ├── podium@3.1.2
110 silly idealTree:prePrune ├── posix-character-classes@0.1.1
110 silly idealTree:prePrune ├── prepend-http@1.0.4
110 silly idealTree:prePrune ├── process-nextick-args@2.0.0
110 silly idealTree:prePrune ├── ps-tree@1.1.0
110 silly idealTree:prePrune ├── pseudomap@1.0.2
110 silly idealTree:prePrune ├── psl@1.1.29
110 silly idealTree:prePrune ├── pstree.remy@1.1.0
110 silly idealTree:prePrune ├── pump@2.0.1
110 silly idealTree:prePrune ├── pumpify@1.3.6
110 silly idealTree:prePrune ├── punycode@2.1.1
110 silly idealTree:prePrune ├── qs@6.5.2
110 silly idealTree:prePrune ├── rc@1.2.8
110 silly idealTree:prePrune ├── readable-stream@2.3.6
110 silly idealTree:prePrune ├── readdirp@2.2.1
110 silly idealTree:prePrune ├── regex-not@1.0.2
110 silly idealTree:prePrune ├── registry-auth-token@3.3.2
110 silly idealTree:prePrune ├── registry-url@3.1.0
110 silly idealTree:prePrune ├── remove-trailing-separator@1.1.0
110 silly idealTree:prePrune ├── repeat-element@1.1.3
110 silly idealTree:prePrune ├── repeat-string@1.6.1
110 silly idealTree:prePrune ├── request@2.88.0
110 silly idealTree:prePrune ├── resolve-url@0.2.1
110 silly idealTree:prePrune ├── ret@0.1.15
110 silly idealTree:prePrune ├── safe-buffer@5.1.2
110 silly idealTree:prePrune ├── safe-regex@1.1.0
110 silly idealTree:prePrune ├── safer-buffer@2.1.2
110 silly idealTree:prePrune ├── semver-diff@2.1.0
110 silly idealTree:prePrune ├── semver@5.6.0
110 silly idealTree:prePrune ├─┬ set-value@2.0.0
110 silly idealTree:prePrune │ └── extend-shallow@2.0.1
110 silly idealTree:prePrune ├── shebang-command@1.2.0
110 silly idealTree:prePrune ├── shebang-regex@1.0.0
110 silly idealTree:prePrune ├── shot@4.0.5
110 silly idealTree:prePrune ├── signal-exit@3.0.2
110 silly idealTree:prePrune ├─┬ snapdragon-node@2.1.1
110 silly idealTree:prePrune │ ├── define-property@1.0.0
110 silly idealTree:prePrune │ ├── is-accessor-descriptor@1.0.0
110 silly idealTree:prePrune │ ├── is-data-descriptor@1.0.0
110 silly idealTree:prePrune │ └── is-descriptor@1.0.2
110 silly idealTree:prePrune ├─┬ snapdragon-util@3.0.1
110 silly idealTree:prePrune │ └── kind-of@3.2.2
110 silly idealTree:prePrune ├─┬ snapdragon@0.8.2
110 silly idealTree:prePrune │ ├── debug@2.6.9
110 silly idealTree:prePrune │ ├── define-property@0.2.5
110 silly idealTree:prePrune │ └── extend-shallow@2.0.1
110 silly idealTree:prePrune ├── source-map-resolve@0.5.2
110 silly idealTree:prePrune ├── source-map-url@0.4.0
110 silly idealTree:prePrune ├── source-map@0.5.7
110 silly idealTree:prePrune ├── split-string@3.1.0
110 silly idealTree:prePrune ├── split@1.0.1
110 silly idealTree:prePrune ├── sshpk@1.14.2
110 silly idealTree:prePrune ├── statehood@6.0.6
110 silly idealTree:prePrune ├─┬ static-extend@0.1.2
110 silly idealTree:prePrune │ └── define-property@0.2.5
110 silly idealTree:prePrune ├── stream-combiner@0.2.2
110 silly idealTree:prePrune ├── stream-shift@1.0.0
110 silly idealTree:prePrune ├── string_decoder@1.1.1
110 silly idealTree:prePrune ├── string-width@2.1.1
110 silly idealTree:prePrune ├── strip-ansi@4.0.0
110 silly idealTree:prePrune ├── strip-eof@1.0.0
110 silly idealTree:prePrune ├── strip-json-comments@2.0.1
110 silly idealTree:prePrune ├── subtext@6.0.7
110 silly idealTree:prePrune ├── supports-color@5.5.0
110 silly idealTree:prePrune ├── teamwork@3.0.1
110 silly idealTree:prePrune ├── term-size@1.2.0
110 silly idealTree:prePrune ├── through@2.3.8
110 silly idealTree:prePrune ├── timed-out@4.0.1
110 silly idealTree:prePrune ├─┬ to-object-path@0.3.0
110 silly idealTree:prePrune │ └── kind-of@3.2.2
110 silly idealTree:prePrune ├── to-regex-range@2.1.1
110 silly idealTree:prePrune ├── to-regex@3.0.2
110 silly idealTree:prePrune ├── topo@3.0.0
110 silly idealTree:prePrune ├── touch@3.1.0
110 silly idealTree:prePrune ├─┬ tough-cookie@2.4.3
110 silly idealTree:prePrune │ └── punycode@1.4.1
110 silly idealTree:prePrune ├── tunnel-agent@0.6.0
110 silly idealTree:prePrune ├── tweetnacl@0.14.5
110 silly idealTree:prePrune ├─┬ undefsafe@2.0.2
110 silly idealTree:prePrune │ └── debug@2.6.9
110 silly idealTree:prePrune ├─┬ union-value@1.0.0
110 silly idealTree:prePrune │ ├── extend-shallow@2.0.1
110 silly idealTree:prePrune │ └── set-value@0.4.3
110 silly idealTree:prePrune ├── unique-string@1.0.0
110 silly idealTree:prePrune ├─┬ unset-value@1.0.0
110 silly idealTree:prePrune │ ├─┬ has-value@0.3.1
110 silly idealTree:prePrune │ │ └── isobject@2.1.0
110 silly idealTree:prePrune │ └── has-values@0.1.4
110 silly idealTree:prePrune ├── unzip-response@2.0.1
110 silly idealTree:prePrune ├── upath@1.1.0
110 silly idealTree:prePrune ├── update-notifier@2.5.0
110 silly idealTree:prePrune ├── urix@0.1.0
110 silly idealTree:prePrune ├── url-parse-lax@1.0.0
110 silly idealTree:prePrune ├── use@3.1.1
110 silly idealTree:prePrune ├── util-deprecate@1.0.2
110 silly idealTree:prePrune ├── uuid@3.3.2
110 silly idealTree:prePrune ├── verror@1.10.0
110 silly idealTree:prePrune ├── vise@3.0.0
110 silly idealTree:prePrune ├── which@1.3.1
110 silly idealTree:prePrune ├── widest-line@2.0.0
110 silly idealTree:prePrune ├── wrappy@1.0.2
110 silly idealTree:prePrune ├── wreck@14.1.0
110 silly idealTree:prePrune ├── write-file-atomic@2.3.0
110 silly idealTree:prePrune ├── xdg-basedir@3.0.0
110 silly idealTree:prePrune └── yallist@2.1.2
111 silly loadIdealTree Finishing
112 silly currentTree hapi-boston@1.0.0
112 silly currentTree ├── abbrev@1.1.1
112 silly currentTree ├── accept@3.0.2
112 silly currentTree ├── ajv@5.5.2
112 silly currentTree ├── ammo@3.0.1
112 silly currentTree ├── ansi-align@2.0.0
112 silly currentTree ├── ansi-regex@3.0.0
112 silly currentTree ├── ansi-styles@3.2.1
112 silly currentTree ├── anymatch@2.0.0
112 silly currentTree ├── arr-diff@4.0.0
112 silly currentTree ├── arr-flatten@1.1.0
112 silly currentTree ├── arr-union@3.1.0
112 silly currentTree ├── array-unique@0.3.2
112 silly currentTree ├── asn1@0.2.4
112 silly currentTree ├── assert-plus@1.0.0
112 silly currentTree ├── assign-symbols@1.0.0
112 silly currentTree ├── async-each@1.0.1
112 silly currentTree ├── asynckit@0.4.0
112 silly currentTree ├── atob@2.1.2
112 silly currentTree ├── aws-sign2@0.7.0
112 silly currentTree ├── aws4@1.8.0
112 silly currentTree ├── b64@4.0.0
112 silly currentTree ├── balanced-match@1.0.0
112 silly currentTree ├─┬ base@0.11.2
112 silly currentTree │ ├── define-property@1.0.0
112 silly currentTree │ ├── is-accessor-descriptor@1.0.0
112 silly currentTree │ ├── is-data-descriptor@1.0.0
112 silly currentTree │ └── is-descriptor@1.0.2
112 silly currentTree ├── bcrypt-pbkdf@1.0.2
112 silly currentTree ├── big-time@2.0.1
112 silly currentTree ├── binary-extensions@1.12.0
112 silly currentTree ├── boom@7.2.0
112 silly currentTree ├── bounce@1.2.0
112 silly currentTree ├── boxen@1.3.0
112 silly currentTree ├── brace-expansion@1.1.11
112 silly currentTree ├─┬ braces@2.3.2
112 silly currentTree │ └── extend-shallow@2.0.1
112 silly currentTree ├── cache-base@1.0.1
112 silly currentTree ├── call@5.0.1
112 silly currentTree ├── camelcase@4.1.0
112 silly currentTree ├── capture-stack-trace@1.0.1
112 silly currentTree ├── caseless@0.12.0
112 silly currentTree ├── catbox-memory@3.1.2
112 silly currentTree ├── catbox@10.0.3
112 silly currentTree ├── chalk@2.4.1
112 silly currentTree ├── chokidar@2.0.4
112 silly currentTree ├── ci-info@1.6.0
112 silly currentTree ├─┬ class-utils@0.3.6
112 silly currentTree │ └── define-property@0.2.5
112 silly currentTree ├── cli-boxes@1.0.0
112 silly currentTree ├── co@4.6.0
112 silly currentTree ├── collection-visit@1.0.0
112 silly currentTree ├── color-convert@1.9.3
112 silly currentTree ├── color-name@1.1.3
112 silly currentTree ├── combined-stream@1.0.7
112 silly currentTree ├── component-emitter@1.2.1
112 silly currentTree ├── concat-map@0.0.1
112 silly currentTree ├── config@2.0.1
112 silly currentTree ├── configstore@3.1.2
112 silly currentTree ├── content@4.0.5
112 silly currentTree ├── copy-descriptor@0.1.1
112 silly currentTree ├── core-util-is@1.0.2
112 silly currentTree ├── create-error-class@3.0.2
112 silly currentTree ├── cross-spawn@5.1.0
112 silly currentTree ├── cryptiles@4.1.2
112 silly currentTree ├── crypto-random-string@1.0.0
112 silly currentTree ├── dashdash@1.14.1
112 silly currentTree ├─┬ debug@3.2.6
112 silly currentTree │ └── ms@2.1.1
112 silly currentTree ├── decode-uri-component@0.2.0
112 silly currentTree ├── deep-extend@0.6.0
112 silly currentTree ├─┬ define-property@2.0.2
112 silly currentTree │ ├── is-accessor-descriptor@1.0.0
112 silly currentTree │ ├── is-data-descriptor@1.0.0
112 silly currentTree │ └── is-descriptor@1.0.2
112 silly currentTree ├── delayed-stream@1.0.0
112 silly currentTree ├── dot-prop@4.2.0
112 silly currentTree ├── duplexer@0.1.1
112 silly currentTree ├── duplexer3@0.1.4
112 silly currentTree ├── duplexify@3.6.0
112 silly currentTree ├── ecc-jsbn@0.1.2
112 silly currentTree ├── end-of-stream@1.4.1
112 silly currentTree ├── escape-string-regexp@1.0.5
112 silly currentTree ├── event-stream@3.3.6
112 silly currentTree ├── execa@0.7.0
112 silly currentTree ├─┬ expand-brackets@2.1.4
112 silly currentTree │ ├── debug@2.6.9
112 silly currentTree │ ├── define-property@0.2.5
112 silly currentTree │ └── extend-shallow@2.0.1
112 silly currentTree ├─┬ extend-shallow@3.0.2
112 silly currentTree │ └── is-extendable@1.0.1
112 silly currentTree ├── extend@3.0.2
112 silly currentTree ├─┬ extglob@2.0.4
112 silly currentTree │ ├── define-property@1.0.0
112 silly currentTree │ ├── extend-shallow@2.0.1
112 silly currentTree │ ├── is-accessor-descriptor@1.0.0
112 silly currentTree │ ├── is-data-descriptor@1.0.0
112 silly currentTree │ └── is-descriptor@1.0.2
112 silly currentTree ├── extsprintf@1.3.0
112 silly currentTree ├── fast-deep-equal@1.1.0
112 silly currentTree ├── fast-json-stable-stringify@2.0.0
112 silly currentTree ├── fast-safe-stringify@2.0.6
112 silly currentTree ├─┬ fill-range@4.0.0
112 silly currentTree │ └── extend-shallow@2.0.1
112 silly currentTree ├── flatmap-stream@0.1.1
112 silly currentTree ├── for-in@1.0.2
112 silly currentTree ├── forever-agent@0.6.1
112 silly currentTree ├─┬ form-data@2.3.2
112 silly currentTree │ └── combined-stream@1.0.6
112 silly currentTree ├── fragment-cache@0.2.1
112 silly currentTree ├── from@0.1.7
112 silly currentTree ├── get-stream@3.0.0
112 silly currentTree ├── get-value@2.0.6
112 silly currentTree ├── getpass@0.1.7
112 silly currentTree ├─┬ glob-parent@3.1.0
112 silly currentTree │ └── is-glob@3.1.0
112 silly currentTree ├── global-dirs@0.1.1
112 silly currentTree ├─┬ good-console@7.1.0
112 silly currentTree │ ├── hoek@4.2.1
112 silly currentTree │ ├── joi@12.0.0
112 silly currentTree │ └── topo@2.0.2
112 silly currentTree ├─┬ good-squeeze@5.1.0
112 silly currentTree │ └── hoek@4.2.1
112 silly currentTree ├── good@8.1.1
112 silly currentTree ├── got@6.7.1
112 silly currentTree ├── graceful-fs@4.1.11
112 silly currentTree ├── hapi@17.6.0
112 silly currentTree ├── har-schema@2.0.0
112 silly currentTree ├── har-validator@5.1.0
112 silly currentTree ├── has-flag@3.0.0
112 silly currentTree ├── has-value@1.0.0
112 silly currentTree ├─┬ has-values@1.0.0
112 silly currentTree │ └── kind-of@4.0.0
112 silly currentTree ├── heavy@6.1.0
112 silly currentTree ├── hoek@5.0.4
112 silly currentTree ├── http-signature@1.2.0
112 silly currentTree ├── ignore-by-default@1.0.1
112 silly currentTree ├── import-lazy@2.1.0
112 silly currentTree ├── imurmurhash@0.1.4
112 silly currentTree ├── inherits@2.0.3
112 silly currentTree ├── ini@1.3.5
112 silly currentTree ├── iron@5.0.4
112 silly currentTree ├─┬ is-accessor-descriptor@0.1.6
112 silly currentTree │ └── kind-of@3.2.2
112 silly currentTree ├── is-binary-path@1.0.1
112 silly currentTree ├── is-buffer@1.1.6
112 silly currentTree ├── is-ci@1.2.1
112 silly currentTree ├─┬ is-data-descriptor@0.1.4
112 silly currentTree │ └── kind-of@3.2.2
112 silly currentTree ├─┬ is-descriptor@0.1.6
112 silly currentTree │ └── kind-of@5.1.0
112 silly currentTree ├── is-extendable@0.1.1
112 silly currentTree ├── is-extglob@2.1.1
112 silly currentTree ├── is-fullwidth-code-point@2.0.0
112 silly currentTree ├── is-glob@4.0.0
112 silly currentTree ├── is-installed-globally@0.1.0
112 silly currentTree ├── is-npm@1.0.0
112 silly currentTree ├─┬ is-number@3.0.0
112 silly currentTree │ └── kind-of@3.2.2
112 silly currentTree ├── is-obj@1.0.1
112 silly currentTree ├── is-path-inside@1.0.1
112 silly currentTree ├── is-plain-object@2.0.4
112 silly currentTree ├── is-redirect@1.0.0
112 silly currentTree ├── is-retry-allowed@1.1.0
112 silly currentTree ├── is-stream@1.1.0
112 silly currentTree ├── is-typedarray@1.0.0
112 silly currentTree ├── is-windows@1.0.2
112 silly currentTree ├── isarray@1.0.0
112 silly currentTree ├── isemail@3.1.3
112 silly currentTree ├── isexe@2.0.0
112 silly currentTree ├── isobject@3.0.1
112 silly currentTree ├── isstream@0.1.2
112 silly currentTree ├── joi@13.7.0
112 silly currentTree ├── jsbn@0.1.1
112 silly currentTree ├── json-schema-traverse@0.3.1
112 silly currentTree ├── json-schema@0.2.3
112 silly currentTree ├── json-stringify-safe@5.0.1
112 silly currentTree ├── json5@1.0.1
112 silly currentTree ├── jsprim@1.4.1
112 silly currentTree ├── kind-of@6.0.2
112 silly currentTree ├── latest-version@3.1.0
112 silly currentTree ├── lodash.debounce@4.0.8
112 silly currentTree ├── lowercase-keys@1.0.1
112 silly currentTree ├── lru-cache@4.1.3
112 silly currentTree ├── make-dir@1.3.0
112 silly currentTree ├── map-cache@0.2.2
112 silly currentTree ├── map-stream@0.0.7
112 silly currentTree ├── map-visit@1.0.0
112 silly currentTree ├── micromatch@3.1.10
112 silly currentTree ├── mime-db@1.36.0
112 silly currentTree ├── mime-types@2.1.20
112 silly currentTree ├── mimos@4.0.0
112 silly currentTree ├── minimatch@3.0.4
112 silly currentTree ├── minimist@1.2.0
112 silly currentTree ├─┬ mixin-deep@1.3.1
112 silly currentTree │ └── is-extendable@1.0.1
112 silly currentTree ├── moment@2.20.1
112 silly currentTree ├── ms@2.0.0
112 silly currentTree ├── nanomatch@1.2.13
112 silly currentTree ├── nigel@3.0.1
112 silly currentTree ├── nodemon@1.18.4
112 silly currentTree ├── nopt@1.0.10
112 silly currentTree ├── normalize-path@2.1.1
112 silly currentTree ├── npm-run-path@2.0.2
112 silly currentTree ├── oauth-sign@0.9.0
112 silly currentTree ├─┬ object-copy@0.1.0
112 silly currentTree │ ├── define-property@0.2.5
112 silly currentTree │ └── kind-of@3.2.2
112 silly currentTree ├── object-visit@1.0.1
112 silly currentTree ├── object.pick@1.3.0
112 silly currentTree ├── once@1.4.0
112 silly currentTree ├── oppsy@2.0.0
112 silly currentTree ├── p-finally@1.0.0
112 silly currentTree ├── package-json@4.0.1
112 silly currentTree ├── pascalcase@0.1.1
112 silly currentTree ├── path-dirname@1.0.2
112 silly currentTree ├── path-is-absolute@1.0.1
112 silly currentTree ├── path-is-inside@1.0.2
112 silly currentTree ├── path-key@2.0.1
112 silly currentTree ├── pause-stream@0.0.11
112 silly currentTree ├── performance-now@2.1.0
112 silly currentTree ├── pez@4.0.2
112 silly currentTree ├── pify@3.0.0
112 silly currentTree ├── podium@3.1.2
112 silly currentTree ├── posix-character-classes@0.1.1
112 silly currentTree ├── prepend-http@1.0.4
112 silly currentTree ├── process-nextick-args@2.0.0
112 silly currentTree ├── ps-tree@1.1.0
112 silly currentTree ├── pseudomap@1.0.2
112 silly currentTree ├── psl@1.1.29
112 silly currentTree ├── pstree.remy@1.1.0
112 silly currentTree ├── pump@2.0.1
112 silly currentTree ├── pumpify@1.3.6
112 silly currentTree ├── punycode@2.1.1
112 silly currentTree ├── qs@6.5.2
112 silly currentTree ├── rc@1.2.8
112 silly currentTree ├── readable-stream@2.3.6
112 silly currentTree ├── readdirp@2.2.1
112 silly currentTree ├── regex-not@1.0.2
112 silly currentTree ├── registry-auth-token@3.3.2
112 silly currentTree ├── registry-url@3.1.0
112 silly currentTree ├── remove-trailing-separator@1.1.0
112 silly currentTree ├── repeat-element@1.1.3
112 silly currentTree ├── repeat-string@1.6.1
112 silly currentTree ├── request@2.88.0
112 silly currentTree ├── resolve-url@0.2.1
112 silly currentTree ├── ret@0.1.15
112 silly currentTree ├── safe-buffer@5.1.2
112 silly currentTree ├── safe-regex@1.1.0
112 silly currentTree ├── safer-buffer@2.1.2
112 silly currentTree ├── semver-diff@2.1.0
112 silly currentTree ├── semver@5.6.0
112 silly currentTree ├─┬ set-value@2.0.0
112 silly currentTree │ └── extend-shallow@2.0.1
112 silly currentTree ├── shebang-command@1.2.0
112 silly currentTree ├── shebang-regex@1.0.0
112 silly currentTree ├── shot@4.0.5
112 silly currentTree ├── signal-exit@3.0.2
112 silly currentTree ├─┬ snapdragon-node@2.1.1
112 silly currentTree │ ├── define-property@1.0.0
112 silly currentTree │ ├── is-accessor-descriptor@1.0.0
112 silly currentTree │ ├── is-data-descriptor@1.0.0
112 silly currentTree │ └── is-descriptor@1.0.2
112 silly currentTree ├─┬ snapdragon-util@3.0.1
112 silly currentTree │ └── kind-of@3.2.2
112 silly currentTree ├─┬ snapdragon@0.8.2
112 silly currentTree │ ├── debug@2.6.9
112 silly currentTree │ ├── define-property@0.2.5
112 silly currentTree │ └── extend-shallow@2.0.1
112 silly currentTree ├── source-map-resolve@0.5.2
112 silly currentTree ├── source-map-url@0.4.0
112 silly currentTree ├── source-map@0.5.7
112 silly currentTree ├── split-string@3.1.0
112 silly currentTree ├── split@1.0.1
112 silly currentTree ├── sshpk@1.14.2
112 silly currentTree ├── statehood@6.0.6
112 silly currentTree ├─┬ static-extend@0.1.2
112 silly currentTree │ └── define-property@0.2.5
112 silly currentTree ├── stream-combiner@0.2.2
112 silly currentTree ├── stream-shift@1.0.0
112 silly currentTree ├── string_decoder@1.1.1
112 silly currentTree ├── string-width@2.1.1
112 silly currentTree ├── strip-ansi@4.0.0
112 silly currentTree ├── strip-eof@1.0.0
112 silly currentTree ├── strip-json-comments@2.0.1
112 silly currentTree ├── subtext@6.0.7
112 silly currentTree ├── supports-color@5.5.0
112 silly currentTree ├── teamwork@3.0.1
112 silly currentTree ├── term-size@1.2.0
112 silly currentTree ├── through@2.3.8
112 silly currentTree ├── timed-out@4.0.1
112 silly currentTree ├─┬ to-object-path@0.3.0
112 silly currentTree │ └── kind-of@3.2.2
112 silly currentTree ├── to-regex-range@2.1.1
112 silly currentTree ├── to-regex@3.0.2
112 silly currentTree ├── topo@3.0.0
112 silly currentTree ├── touch@3.1.0
112 silly currentTree ├─┬ tough-cookie@2.4.3
112 silly currentTree │ └── punycode@1.4.1
112 silly currentTree ├── tunnel-agent@0.6.0
112 silly currentTree ├── tweetnacl@0.14.5
112 silly currentTree ├─┬ undefsafe@2.0.2
112 silly currentTree │ └── debug@2.6.9
112 silly currentTree ├─┬ union-value@1.0.0
112 silly currentTree │ ├── extend-shallow@2.0.1
112 silly currentTree │ └── set-value@0.4.3
112 silly currentTree ├── unique-string@1.0.0
112 silly currentTree ├─┬ unset-value@1.0.0
112 silly currentTree │ ├─┬ has-value@0.3.1
112 silly currentTree │ │ └── isobject@2.1.0
112 silly currentTree │ └── has-values@0.1.4
112 silly currentTree ├── unzip-response@2.0.1
112 silly currentTree ├── upath@1.1.0
112 silly currentTree ├── update-notifier@2.5.0
112 silly currentTree ├── urix@0.1.0
112 silly currentTree ├── url-parse-lax@1.0.0
112 silly currentTree ├── use@3.1.1
112 silly currentTree ├── util-deprecate@1.0.2
112 silly currentTree ├── uuid@3.3.2
112 silly currentTree ├── verror@1.10.0
112 silly currentTree ├── vise@3.0.0
112 silly currentTree ├── which@1.3.1
112 silly currentTree ├── widest-line@2.0.0
112 silly currentTree ├── wrappy@1.0.2
112 silly currentTree ├── wreck@14.1.0
112 silly currentTree ├── write-file-atomic@2.3.0
112 silly currentTree ├── xdg-basedir@3.0.0
112 silly currentTree └── yallist@2.1.2
113 silly idealTree hapi-boston@1.0.0
113 silly idealTree ├── abbrev@1.1.1
113 silly idealTree ├── accept@3.0.2
113 silly idealTree ├── ajv@5.5.2
113 silly idealTree ├── ammo@3.0.1
113 silly idealTree ├── ansi-align@2.0.0
113 silly idealTree ├── ansi-regex@3.0.0
113 silly idealTree ├── ansi-styles@3.2.1
113 silly idealTree ├── anymatch@2.0.0
113 silly idealTree ├── arr-diff@4.0.0
113 silly idealTree ├── arr-flatten@1.1.0
113 silly idealTree ├── arr-union@3.1.0
113 silly idealTree ├── array-unique@0.3.2
113 silly idealTree ├── asn1@0.2.4
113 silly idealTree ├── assert-plus@1.0.0
113 silly idealTree ├── assign-symbols@1.0.0
113 silly idealTree ├── async-each@1.0.1
113 silly idealTree ├── asynckit@0.4.0
113 silly idealTree ├── atob@2.1.2
113 silly idealTree ├── aws-sign2@0.7.0
113 silly idealTree ├── aws4@1.8.0
113 silly idealTree ├── b64@4.0.0
113 silly idealTree ├── balanced-match@1.0.0
113 silly idealTree ├─┬ base@0.11.2
113 silly idealTree │ ├── define-property@1.0.0
113 silly idealTree │ ├── is-accessor-descriptor@1.0.0
113 silly idealTree │ ├── is-data-descriptor@1.0.0
113 silly idealTree │ └── is-descriptor@1.0.2
113 silly idealTree ├── bcrypt-pbkdf@1.0.2
113 silly idealTree ├── big-time@2.0.1
113 silly idealTree ├── binary-extensions@1.12.0
113 silly idealTree ├── boom@7.2.0
113 silly idealTree ├── bounce@1.2.0
113 silly idealTree ├── boxen@1.3.0
113 silly idealTree ├── brace-expansion@1.1.11
113 silly idealTree ├─┬ braces@2.3.2
113 silly idealTree │ └── extend-shallow@2.0.1
113 silly idealTree ├── cache-base@1.0.1
113 silly idealTree ├── call@5.0.1
113 silly idealTree ├── camelcase@4.1.0
113 silly idealTree ├── capture-stack-trace@1.0.1
113 silly idealTree ├── caseless@0.12.0
113 silly idealTree ├── catbox-memory@3.1.2
113 silly idealTree ├── catbox@10.0.3
113 silly idealTree ├── chalk@2.4.1
113 silly idealTree ├── chokidar@2.0.4
113 silly idealTree ├── ci-info@1.6.0
113 silly idealTree ├─┬ class-utils@0.3.6
113 silly idealTree │ └── define-property@0.2.5
113 silly idealTree ├── cli-boxes@1.0.0
113 silly idealTree ├── co@4.6.0
113 silly idealTree ├── collection-visit@1.0.0
113 silly idealTree ├── color-convert@1.9.3
113 silly idealTree ├── color-name@1.1.3
113 silly idealTree ├── combined-stream@1.0.7
113 silly idealTree ├── component-emitter@1.2.1
113 silly idealTree ├── concat-map@0.0.1
113 silly idealTree ├── config@2.0.1
113 silly idealTree ├── configstore@3.1.2
113 silly idealTree ├── content@4.0.5
113 silly idealTree ├── copy-descriptor@0.1.1
113 silly idealTree ├── core-util-is@1.0.2
113 silly idealTree ├── create-error-class@3.0.2
113 silly idealTree ├── cross-spawn@5.1.0
113 silly idealTree ├── cryptiles@4.1.2
113 silly idealTree ├── crypto-random-string@1.0.0
113 silly idealTree ├── dashdash@1.14.1
113 silly idealTree ├─┬ debug@3.2.6
113 silly idealTree │ └── ms@2.1.1
113 silly idealTree ├── decode-uri-component@0.2.0
113 silly idealTree ├── deep-extend@0.6.0
113 silly idealTree ├─┬ define-property@2.0.2
113 silly idealTree │ ├── is-accessor-descriptor@1.0.0
113 silly idealTree │ ├── is-data-descriptor@1.0.0
113 silly idealTree │ └── is-descriptor@1.0.2
113 silly idealTree ├── delayed-stream@1.0.0
113 silly idealTree ├── dot-prop@4.2.0
113 silly idealTree ├── duplexer@0.1.1
113 silly idealTree ├── duplexer3@0.1.4
113 silly idealTree ├── duplexify@3.6.0
113 silly idealTree ├── ecc-jsbn@0.1.2
113 silly idealTree ├── end-of-stream@1.4.1
113 silly idealTree ├── escape-string-regexp@1.0.5
113 silly idealTree ├── event-stream@3.3.6
113 silly idealTree ├── execa@0.7.0
113 silly idealTree ├─┬ expand-brackets@2.1.4
113 silly idealTree │ ├── debug@2.6.9
113 silly idealTree │ ├── define-property@0.2.5
113 silly idealTree │ └── extend-shallow@2.0.1
113 silly idealTree ├─┬ extend-shallow@3.0.2
113 silly idealTree │ └── is-extendable@1.0.1
113 silly idealTree ├── extend@3.0.2
113 silly idealTree ├─┬ extglob@2.0.4
113 silly idealTree │ ├── define-property@1.0.0
113 silly idealTree │ ├── extend-shallow@2.0.1
113 silly idealTree │ ├── is-accessor-descriptor@1.0.0
113 silly idealTree │ ├── is-data-descriptor@1.0.0
113 silly idealTree │ └── is-descriptor@1.0.2
113 silly idealTree ├── extsprintf@1.3.0
113 silly idealTree ├── fast-deep-equal@1.1.0
113 silly idealTree ├── fast-json-stable-stringify@2.0.0
113 silly idealTree ├── fast-safe-stringify@2.0.6
113 silly idealTree ├─┬ fill-range@4.0.0
113 silly idealTree │ └── extend-shallow@2.0.1
113 silly idealTree ├── flatmap-stream@0.1.1
113 silly idealTree ├── for-in@1.0.2
113 silly idealTree ├── forever-agent@0.6.1
113 silly idealTree ├─┬ form-data@2.3.2
113 silly idealTree │ └── combined-stream@1.0.6
113 silly idealTree ├── fragment-cache@0.2.1
113 silly idealTree ├── from@0.1.7
113 silly idealTree ├── get-stream@3.0.0
113 silly idealTree ├── get-value@2.0.6
113 silly idealTree ├── getpass@0.1.7
113 silly idealTree ├─┬ glob-parent@3.1.0
113 silly idealTree │ └── is-glob@3.1.0
113 silly idealTree ├── global-dirs@0.1.1
113 silly idealTree ├─┬ good-console@7.1.0
113 silly idealTree │ ├── hoek@4.2.1
113 silly idealTree │ ├── joi@12.0.0
113 silly idealTree │ └── topo@2.0.2
113 silly idealTree ├─┬ good-squeeze@5.1.0
113 silly idealTree │ └── hoek@4.2.1
113 silly idealTree ├── good@8.1.1
113 silly idealTree ├── got@6.7.1
113 silly idealTree ├── graceful-fs@4.1.11
113 silly idealTree ├── hapi@17.6.0
113 silly idealTree ├── har-schema@2.0.0
113 silly idealTree ├── har-validator@5.1.0
113 silly idealTree ├── has-flag@3.0.0
113 silly idealTree ├── has-value@1.0.0
113 silly idealTree ├─┬ has-values@1.0.0
113 silly idealTree │ └── kind-of@4.0.0
113 silly idealTree ├── heavy@6.1.0
113 silly idealTree ├── hoek@5.0.4
113 silly idealTree ├── http-signature@1.2.0
113 silly idealTree ├── ignore-by-default@1.0.1
113 silly idealTree ├── import-lazy@2.1.0
113 silly idealTree ├── imurmurhash@0.1.4
113 silly idealTree ├── inherits@2.0.3
113 silly idealTree ├── ini@1.3.5
113 silly idealTree ├── iron@5.0.4
113 silly idealTree ├─┬ is-accessor-descriptor@0.1.6
113 silly idealTree │ └── kind-of@3.2.2
113 silly idealTree ├── is-binary-path@1.0.1
113 silly idealTree ├── is-buffer@1.1.6
113 silly idealTree ├── is-ci@1.2.1
113 silly idealTree ├─┬ is-data-descriptor@0.1.4
113 silly idealTree │ └── kind-of@3.2.2
113 silly idealTree ├─┬ is-descriptor@0.1.6
113 silly idealTree │ └── kind-of@5.1.0
113 silly idealTree ├── is-extendable@0.1.1
113 silly idealTree ├── is-extglob@2.1.1
113 silly idealTree ├── is-fullwidth-code-point@2.0.0
113 silly idealTree ├── is-glob@4.0.0
113 silly idealTree ├── is-installed-globally@0.1.0
113 silly idealTree ├── is-npm@1.0.0
113 silly idealTree ├─┬ is-number@3.0.0
113 silly idealTree │ └── kind-of@3.2.2
113 silly idealTree ├── is-obj@1.0.1
113 silly idealTree ├── is-path-inside@1.0.1
113 silly idealTree ├── is-plain-object@2.0.4
113 silly idealTree ├── is-redirect@1.0.0
113 silly idealTree ├── is-retry-allowed@1.1.0
113 silly idealTree ├── is-stream@1.1.0
113 silly idealTree ├── is-typedarray@1.0.0
113 silly idealTree ├── is-windows@1.0.2
113 silly idealTree ├── isarray@1.0.0
113 silly idealTree ├── isemail@3.1.3
113 silly idealTree ├── isexe@2.0.0
113 silly idealTree ├── isobject@3.0.1
113 silly idealTree ├── isstream@0.1.2
113 silly idealTree ├── joi@13.7.0
113 silly idealTree ├── jsbn@0.1.1
113 silly idealTree ├── json-schema-traverse@0.3.1
113 silly idealTree ├── json-schema@0.2.3
113 silly idealTree ├── json-stringify-safe@5.0.1
113 silly idealTree ├── json5@1.0.1
113 silly idealTree ├── jsprim@1.4.1
113 silly idealTree ├── kind-of@6.0.2
113 silly idealTree ├── latest-version@3.1.0
113 silly idealTree ├── lodash.debounce@4.0.8
113 silly idealTree ├── lowercase-keys@1.0.1
113 silly idealTree ├── lru-cache@4.1.3
113 silly idealTree ├── make-dir@1.3.0
113 silly idealTree ├── map-cache@0.2.2
113 silly idealTree ├── map-stream@0.0.7
113 silly idealTree ├── map-visit@1.0.0
113 silly idealTree ├── micromatch@3.1.10
113 silly idealTree ├── mime-db@1.36.0
113 silly idealTree ├── mime-types@2.1.20
113 silly idealTree ├── mimos@4.0.0
113 silly idealTree ├── minimatch@3.0.4
113 silly idealTree ├── minimist@1.2.0
113 silly idealTree ├─┬ mixin-deep@1.3.1
113 silly idealTree │ └── is-extendable@1.0.1
113 silly idealTree ├── moment@2.20.1
113 silly idealTree ├── ms@2.0.0
113 silly idealTree ├── nanomatch@1.2.13
113 silly idealTree ├── nigel@3.0.1
113 silly idealTree ├── node-bin-setup@1.0.6
113 silly idealTree ├── node@10.11.0
113 silly idealTree ├── nodemon@1.18.4
113 silly idealTree ├── nopt@1.0.10
113 silly idealTree ├── normalize-path@2.1.1
113 silly idealTree ├── npm-run-path@2.0.2
113 silly idealTree ├── oauth-sign@0.9.0
113 silly idealTree ├─┬ object-copy@0.1.0
113 silly idealTree │ ├── define-property@0.2.5
113 silly idealTree │ └── kind-of@3.2.2
113 silly idealTree ├── object-visit@1.0.1
113 silly idealTree ├── object.pick@1.3.0
113 silly idealTree ├── once@1.4.0
113 silly idealTree ├── oppsy@2.0.0
113 silly idealTree ├── p-finally@1.0.0
113 silly idealTree ├── package-json@4.0.1
113 silly idealTree ├── pascalcase@0.1.1
113 silly idealTree ├── path-dirname@1.0.2
113 silly idealTree ├── path-is-absolute@1.0.1
113 silly idealTree ├── path-is-inside@1.0.2
113 silly idealTree ├── path-key@2.0.1
113 silly idealTree ├── pause-stream@0.0.11
113 silly idealTree ├── performance-now@2.1.0
113 silly idealTree ├── pez@4.0.2
113 silly idealTree ├── pify@3.0.0
113 silly idealTree ├── podium@3.1.2
113 silly idealTree ├── posix-character-classes@0.1.1
113 silly idealTree ├── prepend-http@1.0.4
113 silly idealTree ├── process-nextick-args@2.0.0
113 silly idealTree ├── ps-tree@1.1.0
113 silly idealTree ├── pseudomap@1.0.2
113 silly idealTree ├── psl@1.1.29
113 silly idealTree ├── pstree.remy@1.1.0
113 silly idealTree ├── pump@2.0.1
113 silly idealTree ├── pumpify@1.3.6
113 silly idealTree ├── punycode@2.1.1
113 silly idealTree ├── qs@6.5.2
113 silly idealTree ├── rc@1.2.8
113 silly idealTree ├── readable-stream@2.3.6
113 silly idealTree ├── readdirp@2.2.1
113 silly idealTree ├── regex-not@1.0.2
113 silly idealTree ├── registry-auth-token@3.3.2
113 silly idealTree ├── registry-url@3.1.0
113 silly idealTree ├── remove-trailing-separator@1.1.0
113 silly idealTree ├── repeat-element@1.1.3
113 silly idealTree ├── repeat-string@1.6.1
113 silly idealTree ├── request@2.88.0
113 silly idealTree ├── resolve-url@0.2.1
113 silly idealTree ├── ret@0.1.15
113 silly idealTree ├── safe-buffer@5.1.2
113 silly idealTree ├── safe-regex@1.1.0
113 silly idealTree ├── safer-buffer@2.1.2
113 silly idealTree ├── semver-diff@2.1.0
113 silly idealTree ├── semver@5.6.0
113 silly idealTree ├─┬ set-value@2.0.0
113 silly idealTree │ └── extend-shallow@2.0.1
113 silly idealTree ├── shebang-command@1.2.0
113 silly idealTree ├── shebang-regex@1.0.0
113 silly idealTree ├── shot@4.0.5
113 silly idealTree ├── signal-exit@3.0.2
113 silly idealTree ├─┬ snapdragon-node@2.1.1
113 silly idealTree │ ├── define-property@1.0.0
113 silly idealTree │ ├── is-accessor-descriptor@1.0.0
113 silly idealTree │ ├── is-data-descriptor@1.0.0
113 silly idealTree │ └── is-descriptor@1.0.2
113 silly idealTree ├─┬ snapdragon-util@3.0.1
113 silly idealTree │ └── kind-of@3.2.2
113 silly idealTree ├─┬ snapdragon@0.8.2
113 silly idealTree │ ├── debug@2.6.9
113 silly idealTree │ ├── define-property@0.2.5
113 silly idealTree │ └── extend-shallow@2.0.1
113 silly idealTree ├── source-map-resolve@0.5.2
113 silly idealTree ├── source-map-url@0.4.0
113 silly idealTree ├── source-map@0.5.7
113 silly idealTree ├── split-string@3.1.0
113 silly idealTree ├── split@1.0.1
113 silly idealTree ├── sshpk@1.14.2
113 silly idealTree ├── statehood@6.0.6
113 silly idealTree ├─┬ static-extend@0.1.2
113 silly idealTree │ └── define-property@0.2.5
113 silly idealTree ├── stream-combiner@0.2.2
113 silly idealTree ├── stream-shift@1.0.0
113 silly idealTree ├── string_decoder@1.1.1
113 silly idealTree ├── string-width@2.1.1
113 silly idealTree ├── strip-ansi@4.0.0
113 silly idealTree ├── strip-eof@1.0.0
113 silly idealTree ├── strip-json-comments@2.0.1
113 silly idealTree ├── subtext@6.0.7
113 silly idealTree ├── supports-color@5.5.0
113 silly idealTree ├── teamwork@3.0.1
113 silly idealTree ├── term-size@1.2.0
113 silly idealTree ├── through@2.3.8
113 silly idealTree ├── timed-out@4.0.1
113 silly idealTree ├─┬ to-object-path@0.3.0
113 silly idealTree │ └── kind-of@3.2.2
113 silly idealTree ├── to-regex-range@2.1.1
113 silly idealTree ├── to-regex@3.0.2
113 silly idealTree ├── topo@3.0.0
113 silly idealTree ├── touch@3.1.0
113 silly idealTree ├─┬ tough-cookie@2.4.3
113 silly idealTree │ └── punycode@1.4.1
113 silly idealTree ├── tunnel-agent@0.6.0
113 silly idealTree ├── tweetnacl@0.14.5
113 silly idealTree ├─┬ undefsafe@2.0.2
113 silly idealTree │ └── debug@2.6.9
113 silly idealTree ├─┬ union-value@1.0.0
113 silly idealTree │ ├── extend-shallow@2.0.1
113 silly idealTree │ └── set-value@0.4.3
113 silly idealTree ├── unique-string@1.0.0
113 silly idealTree ├─┬ unset-value@1.0.0
113 silly idealTree │ ├─┬ has-value@0.3.1
113 silly idealTree │ │ └── isobject@2.1.0
113 silly idealTree │ └── has-values@0.1.4
113 silly idealTree ├── unzip-response@2.0.1
113 silly idealTree ├── upath@1.1.0
113 silly idealTree ├── update-notifier@2.5.0
113 silly idealTree ├── urix@0.1.0
113 silly idealTree ├── url-parse-lax@1.0.0
113 silly idealTree ├── use@3.1.1
113 silly idealTree ├── util-deprecate@1.0.2
113 silly idealTree ├── uuid@3.3.2
113 silly idealTree ├── verror@1.10.0
113 silly idealTree ├── vise@3.0.0
113 silly idealTree ├── which@1.3.1
113 silly idealTree ├── widest-line@2.0.0
113 silly idealTree ├── wrappy@1.0.2
113 silly idealTree ├── wreck@14.1.0
113 silly idealTree ├── write-file-atomic@2.3.0
113 silly idealTree ├── xdg-basedir@3.0.0
113 silly idealTree └── yallist@2.1.2
114 silly generateActionsToTake Starting
115 silly install generateActionsToTake
116 silly generateActionsToTake Finishing
117 silly diffTrees action count 2
118 silly diffTrees add node-bin-setup@1.0.6
119 silly diffTrees add node@10.11.0
120 silly decomposeActions action count 16
121 silly decomposeActions fetch node-bin-setup@1.0.6
122 silly decomposeActions extract node-bin-setup@1.0.6
123 silly decomposeActions test node-bin-setup@1.0.6
124 silly decomposeActions preinstall node-bin-setup@1.0.6
125 silly decomposeActions build node-bin-setup@1.0.6
126 silly decomposeActions install node-bin-setup@1.0.6
127 silly decomposeActions postinstall node-bin-setup@1.0.6
128 silly decomposeActions finalize node-bin-setup@1.0.6
129 silly decomposeActions fetch node@10.11.0
130 silly decomposeActions extract node@10.11.0
131 silly decomposeActions test node@10.11.0
132 silly decomposeActions preinstall node@10.11.0
133 silly decomposeActions build node@10.11.0
134 silly decomposeActions install node@10.11.0
135 silly decomposeActions postinstall node@10.11.0
136 silly decomposeActions finalize node@10.11.0
137 silly executeActions Starting
138 silly install executeActions
139 silly doSerial global-install 0
140 silly doParallel fetch 2
141 verbose lock using /home/nigson/.npm/_locks/staging-4e2b4b359e058b5c.lock for /home/nigson/Bureau/ETNA/tic-tweb/hapi-boston/node_modules/.staging
142 silly doParallel extract 2
143 silly extract node-bin-setup@1.0.6
144 silly extract node@10.11.0
145 verbose unbuild node_modules/.staging/node-bin-setup-bea73b72
146 verbose unbuild node_modules/.staging/node-ae5005b2
147 silly gentlyRm /home/nigson/Bureau/ETNA/tic-tweb/hapi-boston/node_modules/.staging/node-bin-setup-bea73b72 is being purged from base /home/nigson/Bureau/ETNA/tic-tweb/hapi-boston
148 verbose gentlyRm don't care about contents; nuking /home/nigson/Bureau/ETNA/tic-tweb/hapi-boston/node_modules/.staging/node-bin-setup-bea73b72
149 verbose tar unpack /home/nigson/.npm/node-bin-setup/1.0.6/package.tgz
150 verbose tar unpacking to /home/nigson/Bureau/ETNA/tic-tweb/hapi-boston/node_modules/.staging/node-bin-setup-bea73b72
151 silly gentlyRm /home/nigson/Bureau/ETNA/tic-tweb/hapi-boston/node_modules/.staging/node-bin-setup-bea73b72 is being purged
152 verbose gentlyRm don't care about contents; nuking /home/nigson/Bureau/ETNA/tic-tweb/hapi-boston/node_modules/.staging/node-bin-setup-bea73b72
153 silly gentlyRm /home/nigson/Bureau/ETNA/tic-tweb/hapi-boston/node_modules/.staging/node-ae5005b2 is being purged from base /home/nigson/Bureau/ETNA/tic-tweb/hapi-boston
154 verbose gentlyRm don't care about contents; nuking /home/nigson/Bureau/ETNA/tic-tweb/hapi-boston/node_modules/.staging/node-ae5005b2
155 silly gunzTarPerm modes [ '755', '644' ]
156 verbose tar unpack /home/nigson/.npm/node/10.11.0/package.tgz
157 verbose tar unpacking to /home/nigson/Bureau/ETNA/tic-tweb/hapi-boston/node_modules/.staging/node-ae5005b2
158 silly gentlyRm /home/nigson/Bureau/ETNA/tic-tweb/hapi-boston/node_modules/.staging/node-ae5005b2 is being purged
159 verbose gentlyRm don't care about contents; nuking /home/nigson/Bureau/ETNA/tic-tweb/hapi-boston/node_modules/.staging/node-ae5005b2
160 silly gunzTarPerm modes [ '755', '644' ]
161 silly gunzTarPerm extractEntry package.json
162 silly gunzTarPerm extractEntry package.json
163 silly gunzTarPerm extractEntry index.js
164 silly gunzTarPerm extractEntry installArchSpecificPackage.js
165 silly gunzTarPerm extractEntry README.md
166 silly gentlyRm /home/nigson/Bureau/ETNA/tic-tweb/hapi-boston/node_modules/.staging/node-bin-setup-bea73b72/node_modules is being purged
167 verbose gentlyRm don't care about contents; nuking /home/nigson/Bureau/ETNA/tic-tweb/hapi-boston/node_modules/.staging/node-bin-setup-bea73b72/node_modules
168 silly gentlyRm /home/nigson/Bureau/ETNA/tic-tweb/hapi-boston/node_modules/.staging/node-ae5005b2/node_modules is being purged
169 verbose gentlyRm don't care about contents; nuking /home/nigson/Bureau/ETNA/tic-tweb/hapi-boston/node_modules/.staging/node-ae5005b2/node_modules
170 silly doParallel preinstall 2
171 silly preinstall node-bin-setup@1.0.6 /home/nigson/Bureau/ETNA/tic-tweb/hapi-boston/node_modules/.staging/node-bin-setup-bea73b72
172 info lifecycle node-bin-setup@1.0.6~preinstall: node-bin-setup@1.0.6
173 silly preinstall node@10.11.0 /home/nigson/Bureau/ETNA/tic-tweb/hapi-boston/node_modules/.staging/node-ae5005b2
174 info lifecycle node@10.11.0~preinstall: node@10.11.0
175 silly lifecycle node-bin-setup@1.0.6~preinstall: no script for preinstall, continuing
176 warn lifecycle node@10.11.0~preinstall: cannot run in wd %s %s (wd=%s) node@10.11.0 node installArchSpecificPackage /home/nigson/Bureau/ETNA/tic-tweb/hapi-boston/node_modules/.staging/node-ae5005b2
177 silly doReverseSerial remove 0
178 silly doSerial move 0
179 silly doSerial finalize 2
180 silly finalize /home/nigson/Bureau/ETNA/tic-tweb/hapi-boston/node_modules/node-bin-setup
181 silly finalize /home/nigson/Bureau/ETNA/tic-tweb/hapi-boston/node_modules/node
182 silly doSerial build 2
183 silly build node-bin-setup@1.0.6
184 info linkStuff node-bin-setup@1.0.6
185 silly linkStuff node-bin-setup@1.0.6 has /home/nigson/Bureau/ETNA/tic-tweb/hapi-boston/node_modules as its parent node_modules
186 verbose linkBins node-bin-setup@1.0.6
187 verbose linkMans node-bin-setup@1.0.6
188 silly build node@10.11.0
189 info linkStuff node@10.11.0
190 silly linkStuff node@10.11.0 has /home/nigson/Bureau/ETNA/tic-tweb/hapi-boston/node_modules as its parent node_modules
191 verbose linkBins node@10.11.0
192 verbose link bins [ { node: 'bin/node' },
192 verbose link bins   '/home/nigson/Bureau/ETNA/tic-tweb/hapi-boston/node_modules/.bin',
192 verbose link bins   false ]
193 verbose linkMans node@10.11.0
194 verbose unlock done using /home/nigson/.npm/_locks/staging-4e2b4b359e058b5c.lock for /home/nigson/Bureau/ETNA/tic-tweb/hapi-boston/node_modules/.staging
195 silly rollbackFailedOptional Starting
196 silly rollbackFailedOptional Finishing
197 silly runTopLevelLifecycles Starting
198 silly runTopLevelLifecycles Finishing
199 silly install printInstalled
200 warn optional Skipping failed optional dependency /chokidar/fsevents:
201 warn notsup Not compatible with your operating system or architecture: fsevents@1.2.4
202 warn hapi-boston@1.0.0 No repository field.
203 verbose stack Error: ENOENT: no such file or directory, chmod '/home/nigson/Bureau/ETNA/tic-tweb/hapi-boston/node_modules/node/bin/node'
203 verbose stack     at Error (native)
204 verbose cwd /home/nigson/Bureau/ETNA/tic-tweb/hapi-boston
205 error Linux 4.15.0-34-generic
206 error argv "/usr/bin/nodejs" "/usr/bin/npm" "install" "node"
207 error node v4.2.6
208 error npm  v3.5.2
209 error path /home/nigson/Bureau/ETNA/tic-tweb/hapi-boston/node_modules/node/bin/node
210 error code ENOENT
211 error errno -2
212 error syscall chmod
213 error enoent ENOENT: no such file or directory, chmod '/home/nigson/Bureau/ETNA/tic-tweb/hapi-boston/node_modules/node/bin/node'
214 error enoent ENOENT: no such file or directory, chmod '/home/nigson/Bureau/ETNA/tic-tweb/hapi-boston/node_modules/node/bin/node'
214 error enoent This is most likely not a problem with npm itself
214 error enoent and is related to npm not being able to find a file.
215 verbose exit [ -2, true ]
